<?xml version="1.0" encoding="UTF-8"?>
<!-- Generated by org.testng.reporters.JUnitXMLReporter -->
<testsuite ignored="0" hostname="ad-resource" failures="2" tests="12" name="DemoTest" time="261.081" errors="0" timestamp="2023-06-08T08:04:51 CDT">
  <testcase classname="Com.TestNGTestcases.Register" name="VerifyRegisteringAnAccountbyProvidingonlytheMandatoryfields" time="6.996"/>
  <testcase classname="Com.TestNGTestcases.Register" name="VerifyRegisteringAnAccountByProvidingAllTheFields" time="6.393"/>
  <testcase classname="Com.TestNGTestcases.Register" name="VerifyRegisteringAnAccountbyProvidingTheExistingAccountDetails" time="28.473">
    <failure type="org.openqa.selenium.NoSuchElementException" message="no such element: Unable to locate element: {&amp;quot;method&amp;quot;:&amp;quot;xpath&amp;quot;,&amp;quot;selector&amp;quot;:&amp;quot;//div[contains(@class,&amp;apos;alert-dismissible&amp;apos;)]&amp;quot;}
  (Session info: chrome=114.0.5735.110)
For documentation on this error, please visit: https://selenium.dev/exceptions/#no_such_element
Build info: version: &amp;apos;4.9.1&amp;apos;, revision: &amp;apos;eb2032df7f&amp;apos;
System info: os.name: &amp;apos;Windows Server 2019&amp;apos;, os.arch: &amp;apos;amd64&amp;apos;, os.version: &amp;apos;10.0&amp;apos;, java.version: &amp;apos;17.0.7&amp;apos;
Driver info: org.openqa.selenium.chrome.ChromeDriver
Command: [393c51f03c8253602b6ae84cae97fdc3, findElement {using=xpath, value=//div[contains(@class,&amp;apos;alert-dismissible&amp;apos;)]}]
Capabilities {acceptInsecureCerts: false, browserName: chrome, browserVersion: 114.0.5735.110, chrome: {chromedriverVersion: 114.0.5735.90 (386bc09e8f4f..., userDataDir: C:\WINDOWS\SystemTemp\scope...}, goog:chromeOptions: {debuggerAddress: localhost:58740}, networkConnectionEnabled: false, pageLoadStrategy: normal, platformName: windows, proxy: Proxy(), se:cdp: ws://localhost:58740/devtoo..., se:cdpVersion: 114.0.5735.110, setWindowRect: true, strictFileInteractability: false, timeouts: {implicit: 0, pageLoad: 300000, script: 30000}, unhandledPromptBehavior: dismiss and notify, webauthn:extension:credBlob: true, webauthn:extension:largeBlob: true, webauthn:extension:minPinLength: true, webauthn:extension:prf: true, webauthn:virtualAuthenticators: true}
Session ID: 393c51f03c8253602b6ae84cae97fdc3">
      <![CDATA[org.openqa.selenium.NoSuchElementException: no such element: Unable to locate element: {"method":"xpath","selector":"//div[contains(@class,'alert-dismissible')]"}
  (Session info: chrome=114.0.5735.110)
For documentation on this error, please visit: https://selenium.dev/exceptions/#no_such_element
Build info: version: '4.9.1', revision: 'eb2032df7f'
System info: os.name: 'Windows Server 2019', os.arch: 'amd64', os.version: '10.0', java.version: '17.0.7'
Driver info: org.openqa.selenium.chrome.ChromeDriver
Command: [393c51f03c8253602b6ae84cae97fdc3, findElement {using=xpath, value=//div[contains(@class,'alert-dismissible')]}]
Capabilities {acceptInsecureCerts: false, browserName: chrome, browserVersion: 114.0.5735.110, chrome: {chromedriverVersion: 114.0.5735.90 (386bc09e8f4f..., userDataDir: C:\WINDOWS\SystemTemp\scope...}, goog:chromeOptions: {debuggerAddress: localhost:58740}, networkConnectionEnabled: false, pageLoadStrategy: normal, platformName: windows, proxy: Proxy(), se:cdp: ws://localhost:58740/devtoo..., se:cdpVersion: 114.0.5735.110, setWindowRect: true, strictFileInteractability: false, timeouts: {implicit: 0, pageLoad: 300000, script: 30000}, unhandledPromptBehavior: dismiss and notify, webauthn:extension:credBlob: true, webauthn:extension:largeBlob: true, webauthn:extension:minPinLength: true, webauthn:extension:prf: true, webauthn:virtualAuthenticators: true}
Session ID: 393c51f03c8253602b6ae84cae97fdc3
at org.openqa.selenium.remote.codec.w3c.W3CHttpResponseCodec.createException(W3CHttpResponseCodec.java:200)
at org.openqa.selenium.remote.codec.w3c.W3CHttpResponseCodec.decode(W3CHttpResponseCodec.java:133)
at org.openqa.selenium.remote.codec.w3c.W3CHttpResponseCodec.decode(W3CHttpResponseCodec.java:53)
at org.openqa.selenium.remote.HttpCommandExecutor.execute(HttpCommandExecutor.java:193)
at org.openqa.selenium.remote.service.DriverCommandExecutor.invokeExecute(DriverCommandExecutor.java:183)
at org.openqa.selenium.remote.service.DriverCommandExecutor.execute(DriverCommandExecutor.java:158)
at org.openqa.selenium.remote.RemoteWebDriver.execute(RemoteWebDriver.java:543)
at org.openqa.selenium.remote.ElementLocation$ElementFinder$2.findElement(ElementLocation.java:162)
at org.openqa.selenium.remote.ElementLocation.findElement(ElementLocation.java:60)
at org.openqa.selenium.remote.RemoteWebDriver.findElement(RemoteWebDriver.java:352)
at org.openqa.selenium.remote.RemoteWebDriver.findElement(RemoteWebDriver.java:344)
at org.openqa.selenium.support.pagefactory.DefaultElementLocator.findElement(DefaultElementLocator.java:70)
at org.openqa.selenium.support.pagefactory.internal.LocatingElementHandler.invoke(LocatingElementHandler.java:39)
at jdk.proxy2/jdk.proxy2.$Proxy17.getText(Unknown Source)
at Com.TestNG.QA.Pages.RegisterPage.retrieveDuplicateEmailAdresswarning(RegisterPage.java:140)
at Com.TestNGTestcases.Register.VerifyRegisteringAnAccountbyProvidingTheExistingAccountDetails(Register.java:101)
at java.base/java.util.ArrayList.forEach(ArrayList.java:1511)
... Removed 32 stack frames]]>
    </failure>
  </testcase> <!-- VerifyRegisteringAnAccountbyProvidingTheExistingAccountDetails -->
  <testcase classname="Com.TestNGTestcases.Register" name="VerifyRegisteringAnAccountWithouFillingAnyDetails" time="2.602"/>
  <testcase classname="Com.TestNGTestcases.Login" name="LoginWithValidCridential" time="0.0">
    <failure type="java.lang.RuntimeException" message="java.lang.NullPointerException: Cannot invoke &amp;quot;org.apache.poi.xssf.usermodel.XSSFRow.getCell(int)&amp;quot; because &amp;quot;row&amp;quot; is null">
      <![CDATA[java.lang.RuntimeException: java.lang.NullPointerException: Cannot invoke "org.apache.poi.xssf.usermodel.XSSFRow.getCell(int)" because "row" is null
at java.base/java.util.ArrayList.forEach(ArrayList.java:1511)
Caused by: java.lang.NullPointerException: Cannot invoke "org.apache.poi.xssf.usermodel.XSSFRow.getCell(int)" because "row" is null
at Com.TestNGDemo.Util.Utilites.getTestDataFromExcel(Utilites.java:42)
at Com.TestNGTestcases.Login.supplyTestData(Login.java:54)
... 25 more
... Removed 32 stack frames]]>
    </failure>
  </testcase> <!-- LoginWithValidCridential -->
  <testcase classname="Com.TestNGTestcases.Login" name="LogInWithInvalidCredential" time="3.479"/>
  <testcase classname="Com.TestNGTestcases.Login" name="LoginWithInValidEmailAndInvalidPassword" time="3.714"/>
  <testcase classname="Com.TestNGTestcases.Login" name="LoginWithValidEmailAndInvalidPassword" time="2.758"/>
  <testcase classname="Com.TestNGTestcases.Login" name="LoginWithoutEmailAndPassword" time="1.318"/>
  <testcase classname="Com.TestNGTestcases.Search" name="VerifySearchingWithoutProvidingAnyProductName" time="1.795"/>
  <testcase classname="Com.TestNGTestcases.Search" name="VerifySearchingWithProduct" time="1.91"/>
  <testcase classname="Com.TestNGTestcases.Search" name="VerifySearchingWithANonExistingProductName" time="2.811"/>
</testsuite> <!-- DemoTest -->
